{
  "RSpec": {
    "coverage": {
      "/Users/mrb/Projects/oink/lib/oink/cli.rb": [
        1,
        1,
        1,
        1,
        null,
        1,
        1,
        null,
        1,
        0,
        null,
        null,
        1,
        0,
        null,
        0,
        0,
        null,
        0,
        null,
        0,
        null,
        null,
        0,
        0,
        null,
        null,
        0,
        0,
        null,
        0,
        null,
        null,
        0,
        0,
        null,
        null,
        0,
        0,
        null,
        null,
        null,
        null,
        0,
        null,
        0,
        0,
        0,
        null,
        null,
        0,
        null,
        0,
        0,
        null,
        0,
        null,
        null,
        0,
        null,
        0,
        null,
        0,
        null,
        0,
        0,
        null,
        0,
        null,
        null,
        null,
        0,
        null,
        0,
        null,
        null,
        null,
        0,
        0,
        null,
        null,
        1,
        null,
        1,
        0,
        0,
        0,
        0,
        null,
        0,
        0,
        null,
        0,
        null,
        null,
        0,
        null,
        null,
        null,
        null,
        null
      ],
      "/Users/mrb/Projects/oink/lib/oink/reports/base.rb": [
        1,
        1,
        1,
        null,
        1,
        1,
        1,
        null,
        1,
        25,
        25,
        25,
        null,
        25,
        25,
        25,
        25,
        null,
        null,
        1,
        null,
        1,
        25,
        25,
        25,
        32,
        32,
        0,
        0,
        null,
        null,
        25,
        30,
        24,
        null,
        25,
        25,
        10,
        31,
        null,
        null,
        null,
        null,
        null,
        null,
        null,
        13,
        null,
        23,
        10,
        13,
        13,
        null,
        null,
        null,
        null,
        null,
        null
      ],
      "/Users/mrb/Projects/oink/lib/oink/reports/active_record_instantiation_report.rb": [
        1,
        1,
        1,
        1,
        null,
        1,
        1,
        1,
        null,
        1,
        11,
        11,
        null,
        11,
        null,
        11,
        52,
        56,
        null,
        null,
        56,
        null,
        56,
        56,
        56,
        56,
        null,
        null,
        56,
        null,
        20,
        20,
        2,
        null,
        20,
        null,
        null,
        null,
        18,
        null,
        null,
        null,
        18,
        14,
        14,
        14,
        14,
        14,
        8,
        2,
        null,
        null,
        null,
        18,
        18,
        18,
        null,
        null,
        null,
        null,
        null,
        11,
        null,
        null,
        null,
        null,
        null
      ],
      "/Users/mrb/Projects/oink/lib/oink/reports/active_record_instantiation_oinked_request.rb": [
        1,
        null,
        1,
        1,
        1,
        null,
        1,
        14,
        null,
        null,
        null,
        null,
        null
      ],
      "/Users/mrb/Projects/oink/lib/oink/reports/request.rb": [
        1,
        1,
        1,
        1,
        null,
        1,
        null,
        1,
        37,
        37,
        37,
        37,
        null,
        null,
        1,
        21,
        null,
        null,
        null,
        null
      ],
      "/Users/mrb/Projects/oink/lib/oink/reports/priority_queue.rb": [
        1,
        1,
        1,
        null,
        1,
        null,
        1,
        31,
        31,
        null,
        null,
        1,
        56,
        53,
        null,
        2,
        null,
        56,
        null,
        null,
        1,
        3,
        null,
        null,
        1,
        3,
        null,
        null,
        1,
        63,
        null,
        null,
        1,
        null,
        1,
        131,
        null,
        null,
        null,
        null,
        null
      ],
      "/Users/mrb/Projects/oink/lib/oink/reports/memory_usage_report.rb": [
        1,
        1,
        1,
        1,
        null,
        1,
        1,
        1,
        1,
        14,
        14,
        null,
        14,
        null,
        14,
        133,
        143,
        null,
        null,
        143,
        null,
        143,
        143,
        143,
        143,
        null,
        null,
        143,
        null,
        40,
        4,
        null,
        40,
        40,
        null,
        null,
        null,
        39,
        39,
        null,
        null,
        null,
        37,
        37,
        22,
        22,
        18,
        18,
        18,
        18,
        18,
        9,
        2,
        null,
        18,
        18,
        null,
        null,
        null,
        37,
        37,
        37,
        null,
        null,
        null,
        null,
        null,
        14,
        null,
        null,
        null,
        null,
        null
      ],
      "/Users/mrb/Projects/oink/lib/oink/reports/memory_oinked_request.rb": [
        1,
        null,
        1,
        1,
        1,
        null,
        1,
        18,
        null,
        null,
        null,
        null,
        null
      ],
      "/Users/mrb/Projects/oink/lib/oink/rails.rb": [
        1,
        1
      ],
      "/Users/mrb/Projects/oink/lib/oink/rails/memory_usage_logger.rb": [
        1,
        null,
        1,
        1,
        1,
        1,
        1,
        null,
        null,
        null,
        1,
        null,
        1,
        2,
        2,
        2,
        2,
        1,
        1,
        1,
        null,
        null,
        null,
        null,
        null
      ],
      "/Users/mrb/Projects/oink/lib/oink/instrumentation/memory_snapshot.rb": [
        1,
        null,
        1,
        null,
        1,
        1,
        0,
        null,
        null,
        1,
        null,
        2,
        null,
        null,
        6,
        2,
        null,
        2,
        1,
        null,
        null,
        null,
        1,
        null,
        1,
        1,
        null,
        null,
        null,
        1,
        0,
        0,
        0,
        0,
        0,
        null,
        0,
        null,
        null,
        1,
        0,
        null,
        null,
        null,
        1,
        1,
        2,
        2,
        null,
        null,
        null,
        1,
        null,
        2,
        2,
        1,
        null,
        1,
        null,
        2,
        null,
        null,
        1,
        2,
        null,
        null,
        1,
        0,
        null,
        null,
        null,
        1,
        1,
        1,
        1,
        1,
        9,
        null,
        null,
        null,
        1,
        0,
        null,
        null,
        null,
        1,
        1,
        1,
        null,
        null,
        1,
        1,
        null,
        null,
        null,
        1,
        null,
        1,
        0,
        0,
        null,
        null,
        1,
        0,
        null,
        null,
        1,
        0,
        null,
        null,
        1,
        0,
        null,
        null,
        null,
        null,
        1,
        null,
        null,
        null,
        null
      ],
      "/Users/mrb/Projects/oink/lib/oink/rails/instance_type_counter.rb": [
        1,
        1,
        null,
        1,
        null,
        1,
        1,
        1,
        null,
        1,
        1,
        null,
        null,
        null,
        1,
        null,
        null,
        1,
        null,
        1,
        3,
        3,
        3,
        3,
        3,
        3,
        null,
        3,
        null,
        null,
        null,
        null
      ],
      "/Users/mrb/Projects/oink/lib/oink/instrumentation/active_record.rb": [
        1,
        null,
        1,
        12,
        null,
        null,
        1,
        1,
        null,
        null,
        1,
        11,
        11,
        null,
        null,
        null,
        1,
        1,
        null,
        1,
        12,
        null,
        12,
        20,
        20,
        null,
        null,
        12,
        23,
        23,
        23,
        null,
        null,
        12,
        102,
        null,
        null,
        12,
        20,
        null,
        null,
        12,
        17,
        null,
        null,
        12,
        1,
        1,
        null,
        1,
        6,
        6,
        6,
        null,
        null,
        null,
        1,
        null,
        1,
        17,
        17,
        17,
        null,
        null,
        1,
        null,
        null,
        null,
        null,
        null,
        null
      ],
      "/Users/mrb/Projects/oink/lib/oink/utils/hash_utils.rb": [
        1,
        1,
        null,
        1,
        26,
        null,
        null,
        null,
        null
      ],
      "/Users/mrb/Projects/oink/lib/oink/middleware.rb": [
        1,
        1,
        1,
        null,
        1,
        1,
        null,
        1,
        15,
        15,
        15,
        null,
        15,
        null,
        null,
        1,
        15,
        null,
        15,
        15,
        15,
        15,
        15,
        null,
        null,
        1,
        15,
        null,
        null,
        1,
        15,
        15,
        3,
        3,
        3,
        null,
        null,
        null,
        1,
        15,
        13,
        13,
        null,
        null,
        null,
        1,
        15,
        11,
        11,
        11,
        11,
        null,
        null,
        null,
        1,
        null,
        1,
        15,
        null,
        null,
        1,
        13,
        null,
        null,
        1,
        11,
        null,
        null,
        null,
        null
      ],
      "/Users/mrb/Projects/oink/lib/oink/instrumentation.rb": [
        1,
        1
      ]
    },
    "timestamp": 1382046216
  }
}
